d:\hbbr\hbbr\renderercore_android\arm64\debug\pch.h.gch
d:\hbbr\hbbr\renderercore_android\arm64\debug\common.o
d:\hbbr\hbbr\renderercore_android\arm64\debug\consoledebug.o
d:\hbbr\hbbr\renderercore_android\arm64\debug\ddstool.o
d:\hbbr\hbbr\renderercore_android\arm64\debug\filesystem.o
d:\hbbr\hbbr\renderercore_android\arm64\debug\hinput.o
d:\hbbr\hbbr\renderercore_android\arm64\debug\htime.o
d:\hbbr\hbbr\renderercore_android\arm64\debug\imagetool.o
d:\hbbr\hbbr\renderercore_android\arm64\debug\typeconversion.o
d:\hbbr\hbbr\renderercore_android\arm64\debug\xmlstream.o
d:\hbbr\hbbr\renderercore_android\arm64\debug\buffer.o
d:\hbbr\hbbr\renderercore_android\arm64\debug\cameracomponent.o
d:\hbbr\hbbr\renderercore_android\arm64\debug\component.o
d:\hbbr\hbbr\renderercore_android\arm64\debug\gameobject.o
d:\hbbr\hbbr\renderercore_android\arm64\debug\material.o
d:\hbbr\hbbr\renderercore_android\arm64\debug\modelcomponent.o
d:\hbbr\hbbr\renderercore_android\arm64\debug\transform.o
d:\hbbr\hbbr\renderercore_android\arm64\debug\descriptorset.o
d:\hbbr\hbbr\renderercore_android\arm64\debug\passbase.o
d:\hbbr\hbbr\renderercore_android\arm64\debug\passmanager.o
d:\hbbr\hbbr\renderercore_android\arm64\debug\passdefine.o
d:\hbbr\hbbr\renderercore_android\arm64\debug\pipeline.o
d:\hbbr\hbbr\renderercore_android\arm64\debug\primitive.o
d:\hbbr\hbbr\renderercore_android\arm64\debug\rendererconfig.o
d:\hbbr\hbbr\renderercore_android\arm64\debug\contentmanager.o
d:\hbbr\hbbr\renderercore_android\arm64\debug\hguid.o
d:\hbbr\hbbr\renderercore_android\arm64\debug\modeldata.o
d:\hbbr\hbbr\renderercore_android\arm64\debug\scenemanager.o
d:\hbbr\hbbr\renderercore_android\arm64\debug\shader.o
d:\hbbr\hbbr\renderercore_android\arm64\debug\texture.o
d:\hbbr\hbbr\renderercore_android\arm64\debug\thread.o
d:\hbbr\hbbr\renderercore_android\arm64\debug\vertexfactory.o
d:\hbbr\hbbr\renderercore_android\arm64\debug\vulkanmanager.o
d:\hbbr\hbbr\renderercore_android\arm64\debug\vulkanrenderer.o
d:\hbbr\hbbr\renderercore_android\arm64\debug\shadercompiler.o
d:\hbbr\hbbr\renderercore_android\arm64\debug\main.o
d:\hbbr\hbbr\renderercore_android\arm64\debug\imgui_impl_sdl3.o
d:\hbbr\hbbr\renderercore_android\arm64\debug\imgui_impl_vulkan.o
d:\hbbr\hbbr\renderercore_android\arm64\debug\imgui.o
d:\hbbr\hbbr\renderercore_android\arm64\debug\imgui_demo.o
d:\hbbr\hbbr\renderercore_android\arm64\debug\imgui_draw.o
d:\hbbr\hbbr\renderercore_android\arm64\debug\imgui_tables.o
d:\hbbr\hbbr\renderercore_android\arm64\debug\imgui_widgets.o
d:\hbbr\hbbr\renderercore_android\arm64\debug\lodepng.o
d:\hbbr\hbbr\renderercore_android\arm64\debug\pugixml.o
d:\hbbr\hbbr\renderercore_android\arm64\debug\renderercore_android.o
d:\hbbr\hbbr\renderercore_android\arm64\debug\librenderercore_android.so
d:\hbbr\hbbr\arm64\debug\librenderercore_android.so.recipe
d:\hbbr\hbbr\arm64\debug\librenderercore_android.so
d:\hbbr\hbbr\renderercore_android\arm64\debug\renderer.122e8f85.tlog\clang.command.1.tlog
d:\hbbr\hbbr\renderercore_android\arm64\debug\renderer.122e8f85.tlog\microsoft.build.cpptasks.clangcompile.read.1.tlog
d:\hbbr\hbbr\renderercore_android\arm64\debug\renderer.122e8f85.tlog\microsoft.build.cpptasks.clangcompile.write.1.tlog
d:\hbbr\hbbr\renderercore_android\arm64\debug\renderer.122e8f85.tlog\microsoft.build.cpptasks.clanglink.read.1.tlog
d:\hbbr\hbbr\renderercore_android\arm64\debug\renderer.122e8f85.tlog\microsoft.build.cpptasks.clanglink.write.1.tlog
d:\hbbr\hbbr\renderercore_android\arm64\debug\renderer.122e8f85.tlog\renderercore_android.write.1u.tlog
